<?xml version="1.0" encoding="UTF-8"?>
<!-- Generated by org.testng.reporters.JUnitReportReporter -->
<testsuite skipped="0" hostname="LAPTOP-6BR4IM3J" name="com.learnAutomation.testcases.TestCaseWithoutFramework" tests="1" failures="0" timestamp="16 Apr 2021 13:59:30 GMT" time="14.374" errors="0">
  <testcase name="test1" time="14.374" classname="com.learnAutomation.testcases.TestCaseWithoutFramework"/>
</testsuite> <!-- com.learnAutomation.testcases.TestCaseWithoutFramework -->
