<?xml version="1.0" encoding="UTF-8"?>
<!-- Generated by org.testng.reporters.JUnitReportReporter -->
<testsuite skipped="0" hostname="LAPTOP-6BR4IM3J" name="Chrome.ExtentReportDemo" tests="1" failures="0" timestamp="20 Apr 2021 13:56:54 GMT" time="1.522" errors="0">
  <testcase name="loginTest" time="1.522" classname="Chrome.ExtentReportDemo"/>
</testsuite> <!-- Chrome.ExtentReportDemo -->
