<?xml version="1.0" encoding="UTF-8"?>
<!-- Generated by org.testng.reporters.JUnitReportReporter -->
<testsuite skipped="1" hostname="LAPTOP-6BR4IM3J" name="Chrome.ExtentReportDemo" tests="1" failures="0" timestamp="21 Apr 2021 15:45:59 GMT" time="0.000" errors="0">
  <testcase name="loginTest" time="0.000" classname="Chrome.ExtentReportDemo">
    <skipped/>
  </testcase> <!-- loginTest -->
</testsuite> <!-- Chrome.ExtentReportDemo -->
